12:18:03:176 [main] INFO  org.testng.internal.Utils - [TestNG] Running:
  D:\Eclipse_Vedlogic\OpenCartV1\grouping.xml

12:18:03:232 [main] INFO  testCases.TC001_AccountRegistrationTest - *************** Stating TC001_AccountRegistrationTest ***************
12:18:03:255 [main] ERROR testCases.TC001_AccountRegistrationTest - Test Failed.......
12:18:03:274 [main] INFO  testCases.TC002_LoginTest - ************* Starting TC_002_LoginTest *************
12:22:59:811 [main] INFO  org.testng.internal.Utils - [TestNG] Running:
  D:\Eclipse_Vedlogic\OpenCartV1\grouping.xml

12:22:59:875 [main] INFO  testCases.TC001_AccountRegistrationTest - *************** Stating TC001_AccountRegistrationTest ***************
12:22:59:894 [main] ERROR testCases.TC001_AccountRegistrationTest - Test Failed.......
12:22:59:929 [main] INFO  testCases.TC002_LoginTest - ************* Starting TC_002_LoginTest *************
12:24:16:535 [main] INFO  org.testng.internal.Utils - [TestNG] Running:
  D:\Eclipse_Vedlogic\OpenCartV1\grouping.xml

12:24:16:604 [main] INFO  testCases.TC001_AccountRegistrationTest - *************** Stating TC001_AccountRegistrationTest ***************
12:24:16:642 [main] INFO  testCases.TC002_LoginTest - ************* Starting TC_002_LoginTest *************
12:35:38:805 [main] INFO  org.testng.internal.Utils - [TestNG] Running:
  D:\Eclipse_Vedlogic\OpenCartV1\grouping.xml

12:36:25:013 [main] INFO  org.testng.internal.Utils - [TestNG] Running:
  D:\Eclipse_Vedlogic\OpenCartV1\grouping.xml

12:36:29:127 [main] INFO  testCases.TC001_AccountRegistrationTest - *************** Stating TC001_AccountRegistrationTest ***************
12:36:29:312 [main] INFO  testCases.TC001_AccountRegistrationTest - Clicked on My Account Link 
12:36:30:565 [main] INFO  testCases.TC001_AccountRegistrationTest - Clicked on My Account Link 
12:36:30:567 [main] INFO  testCases.TC001_AccountRegistrationTest - Registering the customer details 
12:36:32:281 [main] INFO  testCases.TC001_AccountRegistrationTest - Validating Expected message...
12:36:32:326 [main] INFO  testCases.TC001_AccountRegistrationTest - *************** Finishing TC001_AccountRegistrationTest ***************
12:36:36:244 [main] INFO  testCases.TC002_LoginTest - ************* Starting TC_002_LoginTest *************
12:36:38:303 [main] INFO  testCases.TC002_LoginTest - ************* Finished TC_002_LoginTest *************
12:43:35:919 [main] INFO  org.testng.internal.Utils - [TestNG] Running:
  D:\Eclipse_Vedlogic\OpenCartV1\grouping.xml

12:43:40:285 [main] INFO  testCases.TC001_AccountRegistrationTest - *************** Starting TC001_AccountRegistrationTest ***************
12:43:41:476 [main] INFO  testCases.TC001_AccountRegistrationTest - Clicked on My Account Link
12:43:43:568 [main] INFO  testCases.TC001_AccountRegistrationTest - Clicked on Register Link
12:43:43:571 [main] INFO  testCases.TC001_AccountRegistrationTest - Registering the customer details
12:43:48:353 [main] INFO  testCases.TC001_AccountRegistrationTest - Validating Expected message...
12:43:48:417 [main] INFO  testCases.TC001_AccountRegistrationTest - Confirmation message: Your Account Has Been Created!
12:43:48:419 [main] INFO  testCases.TC001_AccountRegistrationTest - *************** Finishing TC001_AccountRegistrationTest ***************
12:43:52:573 [main] INFO  testCases.TC002_LoginTest - ************* Starting TC_002_LoginTest *************
12:43:54:360 [main] INFO  testCases.TC002_LoginTest - ************* Finished TC_002_LoginTest *************
12:45:23:417 [main] INFO  org.testng.internal.Utils - [TestNG] Running:
  D:\Eclipse_Vedlogic\OpenCartV1\grouping.xml

12:45:27:345 [main] INFO  testCases.TC002_LoginTest - ************* Starting TC_002_LoginTest *************
12:45:30:055 [main] INFO  testCases.TC002_LoginTest - ************* Finished TC_002_LoginTest *************
13:57:11:994 [main] INFO  org.testng.internal.Utils - [TestNG] Running:
  D:\Eclipse_Vedlogic\OpenCartV1\grouping.xml

13:57:18:924 [main] INFO  testCases.TC002_LoginTest - ************* Starting TC_002_LoginTest *************
13:57:21:330 [main] INFO  testCases.TC002_LoginTest - ************* Finished TC_002_LoginTest *************
16:07:36:137 [main] INFO  org.testng.internal.Utils - [TestNG] Running:
  D:\Eclipse_Vedlogic\OpenCartV1\grouping.xml

16:07:43:157 [main] INFO  testCases.TC001_AccountRegistrationTest - *************** Starting TC001_AccountRegistrationTest ***************
16:07:44:462 [main] INFO  testCases.TC001_AccountRegistrationTest - Clicked on My Account Link
16:07:47:032 [main] INFO  testCases.TC001_AccountRegistrationTest - Clicked on Register Link
16:07:47:035 [main] INFO  testCases.TC001_AccountRegistrationTest - Registering the customer details
16:07:50:753 [main] INFO  testCases.TC001_AccountRegistrationTest - Validating Expected message...
16:07:50:819 [main] INFO  testCases.TC001_AccountRegistrationTest - Confirmation message: Your Account Has Been Created!
16:07:50:825 [main] INFO  testCases.TC001_AccountRegistrationTest - *************** Finishing TC001_AccountRegistrationTest ***************
